<install app-name="Discover">
     <deployment-path>/usr/local/endeca/Apps</deployment-path>
	 <base-module type="dgraph" />
     <additional-module type="custom">
/usr/local/endeca/ToolsAndFrameworks/11.1.0/reference/discover-data/deploy.xml
     </additional-module>
     <options>
            <option name="eac-port">8888</option>
            <option name="workbench-port">8006</option>
            <option name="dgraph1Port">15000</option>
            <option name="authoringDgraphPort">15002</option>
            <option name="logserverPort">15010</option>
			<option name="jps-config-location">/usr/local/endeca/ToolsAndFrameworks/11.1.0/server/workspace/credential_store/jps-config.xml</option>
			<option name="application-export-directory">/usr/local/endeca/ToolsAndFrameworks/11.1.0/server/workspace/state/repository</option>
            <option name="languageId">en</option>
     </options>
</install>
